[2022-03-17 15:05:10] @TestLog DEBUG   ###start###
[2022-03-17 15:05:10] @TestLog DEBUG   output file saved at ./output/
[2022-03-17 15:05:10] @TestLog DEBUG   training model : res18
[2022-03-17 15:05:10] @TestLog DEBUG   select list : [0, 1]
[2022-03-17 15:05:10] @TestLog DEBUG   input channels : 6
[2022-03-17 15:05:10] @TestLog DEBUG   input image size : [350, 600]
[2022-03-17 15:05:10] @TestLog DEBUG   epoch : 1
[2022-03-17 15:05:10] @TestLog DEBUG   lr : 0.01
[2022-03-17 15:05:10] @TestLog DEBUG   lr_epoch : 35
[2022-03-17 15:05:10] @TestLog DEBUG   batch size : 5
[2022-03-17 15:05:10] @TestLog DEBUG   optimizer : adam
[2022-03-17 15:05:10] @TestLog DEBUG   is concat : True
[2022-03-17 15:05:10] @TestLog DEBUG   is fix : True
[2022-03-17 15:05:10] @TestLog DEBUG   model dir: None
[2022-03-17 15:05:12] @TestLog DEBUG   ========== Start Single Train , using sub-pic 0==========
[2022-03-17 15:05:12] @TestLog INFO    Valid indexs [1308, 58, 1579, 739, 1350, 2049, 256, 600, 2161, 763, 2102, 84, 1553, 1081, 849, 1214, 850, 976, 1714, 1019, 1154, 368, 1710, 1860, 1750, 324, 835, 1339, 963, 551, 1707, 2011, 1720, 931, 2154, 1597, 209, 1206, 1178, 1368, 675, 1569, 954, 1781, 2132, 98, 544, 2084, 244, 1771, 115, 1827, 1521, 777, 57, 1235, 1683, 1548, 388, 1324, 1415, 555, 964, 1651, 537, 908, 1071, 370, 1574, 972, 123, 169, 2058, 377, 1092, 699, 1534, 2047, 1386, 2094, 1315, 594, 1990, 2078, 1693, 909, 917, 633, 1347, 423, 510, 151, 1396, 277, 1110, 1850, 201, 1997, 1476, 779, 756, 2080, 1143, 791, 755, 2147, 2071, 1177, 1135, 2124, 1394, 1717, 1504, 1103, 684, 1212, 1237, 1855, 23, 1900, 430, 1439, 1794, 91, 1676, 398, 942, 72, 1060, 868, 1329, 639, 734, 28, 1388, 1998, 797, 1558, 1376, 888, 714, 659, 1034, 562, 128, 257, 335, 411, 1837, 774, 1636, 1800, 845, 448, 816, 1391, 1529, 291, 802, 1567, 910, 1033, 273, 1743, 1369, 1153, 512, 1765, 174, 1734, 599, 41, 1182, 906, 130, 1268, 1094, 611, 1974, 1184, 1289, 1111, 882, 999, 203, 99, 314, 1288, 560, 1864, 373, 719, 1674, 148, 2046, 1874, 574, 1688, 1407, 1664, 697, 1759, 1477, 559, 87, 1234, 383, 705, 1069, 1346, 1701, 782, 2075, 543, 387, 973, 2117]
[2022-03-17 15:05:12] @TestLog INFO    --------------------------------------------------
[2022-03-17 15:05:12] @TestLog INFO    Epoch:   0/  0   , lr=0.01000000 , batch_size=5 , model=res18
[2022-03-17 15:05:15] @TestLog ERROR   Exception Logged
Traceback (most recent call last):
  File "/home/huangyujun/workspace/altrasound_pro/scripts/main_multi_branch.py", line 99, in <module>
    trainer.single_train(args, dataset, model, random_seed, save_name)
  File "/home/huangyujun/workspace/altrasound_pro/scripts/trainer.py", line 374, in single_train
    best_weights, best_acc, best_loss, epoch_idx = self._train(model, dataloaders, str(0))
  File "/home/huangyujun/workspace/altrasound_pro/scripts/trainer.py", line 103, in _train
    running_corrects += torch.sum(preds == labels).item()
KeyboardInterrupt
[2022-03-17 15:05:15] @TestLog WARNING --------------------------------------------------
