[2022-03-13 21:00:52] @TestLog DEBUG   ###start###
[2022-03-13 21:00:52] @TestLog DEBUG   output file saved at ./output/
[2022-03-13 21:00:52] @TestLog DEBUG   training model : res18
[2022-03-13 21:00:52] @TestLog DEBUG   select list : [0, 1]
[2022-03-13 21:00:52] @TestLog DEBUG   is input gray : True
[2022-03-13 21:00:52] @TestLog DEBUG   input channels : 2
[2022-03-13 21:00:52] @TestLog DEBUG   input image size : [350, 600]
[2022-03-13 21:00:52] @TestLog DEBUG   kfold num : 5
[2022-03-13 21:00:52] @TestLog DEBUG   epoch : 1
[2022-03-13 21:00:52] @TestLog DEBUG   lr : 0.01
[2022-03-13 21:00:52] @TestLog DEBUG   lr_epoch : 35
[2022-03-13 21:00:52] @TestLog DEBUG   batch size : 5
[2022-03-13 21:00:52] @TestLog DEBUG   optimizer : adam
[2022-03-13 21:00:52] @TestLog DEBUG   is concat : True
[2022-03-13 21:00:52] @TestLog DEBUG   is fix : True
[2022-03-13 21:00:54] @TestLog DEBUG   ========== Start Single Train , using sub-pic 0==========
[2022-03-13 21:00:54] @TestLog INFO    Valid indexs [1308, 58, 1579, 739, 1350, 2049, 256, 600, 2161, 763, 2102, 84, 1553, 1081, 849, 1214, 850, 976, 1714, 1019, 1154, 368, 1710, 1860, 1750, 324, 835, 1339, 963, 551, 1707, 2011, 1720, 931, 2154, 1597, 209, 1206, 1178, 1368, 675, 1569, 954, 1781, 2132, 98, 544, 2084, 244, 1771, 115, 1827, 1521, 777, 57, 1235, 1683, 1548, 388, 1324, 1415, 555, 964, 1651, 537, 908, 1071, 370, 1574, 972, 123, 169, 2058, 377, 1092, 699, 1534, 2047, 1386, 2094, 1315, 594, 1990, 2078, 1693, 909, 917, 633, 1347, 423, 510, 151, 1396, 277, 1110, 1850, 201, 1997, 1476, 779, 756, 2080, 1143, 791, 755, 2147, 2071, 1177, 1135, 2124, 1394, 1717, 1504, 1103, 684, 1212, 1237, 1855, 23, 1900, 430, 1439, 1794, 91, 1676, 398, 942, 72, 1060, 868, 1329, 639, 734, 28, 1388, 1998, 797, 1558, 1376, 888, 714, 659, 1034, 562, 128, 257, 335, 411, 1837, 774, 1636, 1800, 845, 448, 816, 1391, 1529, 291, 802, 1567, 910, 1033, 273, 1743, 1369, 1153, 512, 1765, 174, 1734, 599, 41, 1182, 906, 130, 1268, 1094, 611, 1974, 1184, 1289, 1111, 882, 999, 203, 99, 314, 1288, 560, 1864, 373, 719, 1674, 148, 2046, 1874, 574, 1688, 1407, 1664, 697, 1759, 1477, 559, 87, 1234, 383, 705, 1069, 1346, 1701, 782, 2075, 543, 387, 973, 2117]
[2022-03-13 21:00:54] @TestLog INFO    --------------------------------------------------
[2022-03-13 21:00:54] @TestLog INFO    Epoch:   0/  0   , lr=0.01000000 , batch_size=5 , model=res18
[2022-03-13 21:01:10] @TestLog INFO    train-->  | Loss: 0.81373 | Acc: 49.846%
[2022-03-13 21:01:11] @TestLog INFO    valid-->  | Loss: 0.69280 | Acc: 51.152%
[2022-03-13 21:01:11] @TestLog INFO      
[2022-03-13 21:01:11] @TestLog DEBUG   Training complete in 0m 17s
[2022-03-13 21:01:11] @TestLog DEBUG   Best validat Acc: 0.000000 %, epoch Loss: 0.000000 in epoch  0
[2022-03-13 21:01:11] @TestLog DEBUG   with train Acc: 0.000000 %, train Loss: 0.000000
[2022-03-13 21:01:11] @TestLog DEBUG    
[2022-03-13 21:01:12] @TestLog DEBUG   Evaluating the best model......
[2022-03-13 21:01:13] @TestLog DEBUG   Acc = 0.51037 , auc=0.53734
[2022-03-13 21:01:13] @TestLog DEBUG   Nonstandard Precision = 0.51037 , Nonstandard Recall = 1.00000 , Nonstandard Specificity=0.00000 , Nonstandard F1 = 0.67582
[2022-03-13 21:01:13] @TestLog DEBUG   Standard Precision = nan00 , Standard Recall = 0.00000 , Standard Specificity=1.00000 , Standard F1 = nan00
[2022-03-13 21:01:13] @TestLog DEBUG   ==================================================
[2022-03-13 21:01:13] @TestLog INFO     
[2022-03-13 21:01:14] @TestLog DEBUG   ========== Start Single Train , using sub-pic 1==========
[2022-03-13 21:01:14] @TestLog INFO    Valid indexs [1308, 58, 1579, 739, 1350, 2049, 256, 600, 2161, 763, 2102, 84, 1553, 1081, 849, 1214, 850, 976, 1714, 1019, 1154, 368, 1710, 1860, 1750, 324, 835, 1339, 963, 551, 1707, 2011, 1720, 931, 2154, 1597, 209, 1206, 1178, 1368, 675, 1569, 954, 1781, 2132, 98, 544, 2084, 244, 1771, 115, 1827, 1521, 777, 57, 1235, 1683, 1548, 388, 1324, 1415, 555, 964, 1651, 537, 908, 1071, 370, 1574, 972, 123, 169, 2058, 377, 1092, 699, 1534, 2047, 1386, 2094, 1315, 594, 1990, 2078, 1693, 909, 917, 633, 1347, 423, 510, 151, 1396, 277, 1110, 1850, 201, 1997, 1476, 779, 756, 2080, 1143, 791, 755, 2147, 2071, 1177, 1135, 2124, 1394, 1717, 1504, 1103, 684, 1212, 1237, 1855, 23, 1900, 430, 1439, 1794, 91, 1676, 398, 942, 72, 1060, 868, 1329, 639, 734, 28, 1388, 1998, 797, 1558, 1376, 888, 714, 659, 1034, 562, 128, 257, 335, 411, 1837, 774, 1636, 1800, 845, 448, 816, 1391, 1529, 291, 802, 1567, 910, 1033, 273, 1743, 1369, 1153, 512, 1765, 174, 1734, 599, 41, 1182, 906, 130, 1268, 1094, 611, 1974, 1184, 1289, 1111, 882, 999, 203, 99, 314, 1288, 560, 1864, 373, 719, 1674, 148, 2046, 1874, 574, 1688, 1407, 1664, 697, 1759, 1477, 559, 87, 1234, 383, 705, 1069, 1346, 1701, 782, 2075, 543, 387, 973, 2117]
[2022-03-13 21:01:14] @TestLog INFO    --------------------------------------------------
[2022-03-13 21:01:14] @TestLog INFO    Epoch:   0/  0   , lr=0.01000000 , batch_size=5 , model=res18
[2022-03-13 21:01:28] @TestLog INFO    train-->  | Loss: 0.86019 | Acc: 47.844%
[2022-03-13 21:01:29] @TestLog INFO    valid-->  | Loss: 0.69546 | Acc: 46.544%
[2022-03-13 21:01:29] @TestLog INFO      
[2022-03-13 21:01:29] @TestLog DEBUG   Training complete in 0m 15s
[2022-03-13 21:01:29] @TestLog DEBUG   Best validat Acc: 0.000000 %, epoch Loss: 0.000000 in epoch  0
[2022-03-13 21:01:29] @TestLog DEBUG   with train Acc: 0.000000 %, train Loss: 0.000000
[2022-03-13 21:01:29] @TestLog DEBUG    
[2022-03-13 21:01:30] @TestLog DEBUG   Evaluating the best model......
[2022-03-13 21:01:31] @TestLog DEBUG   Acc = 0.48963 , auc=0.52129
[2022-03-13 21:01:31] @TestLog DEBUG   Nonstandard Precision = 0.50000 , Nonstandard Recall = 0.30081 , Nonstandard Specificity=0.68644 , Nonstandard F1 = 0.37563
[2022-03-13 21:01:31] @TestLog DEBUG   Standard Precision = 0.48503 , Standard Recall = 0.68644 , Standard Specificity=0.30081 , Standard F1 = 0.56842
[2022-03-13 21:01:31] @TestLog DEBUG   ==================================================
[2022-03-13 21:01:31] @TestLog INFO     
[2022-03-13 21:01:31] @TestLog ERROR   Exception Logged
Traceback (most recent call last):
  File "/home/huangyujun/workspace/altrasound_pro/scripts/main_multi_branch.py", line 109, in <module>
    model = get_net('multi_branch',args.class_num, model_list=model_list, is_fix=is_fix, is_concat=is_concat).cuda()
  File "/home/huangyujun/workspace/altrasound_pro/networks/net.py", line 416, in get_net
    raise ValueError('model feature extractor list should not be none!')
ValueError: model feature extractor list should not be none!
[2022-03-13 21:01:31] @TestLog WARNING --------------------------------------------------
